# JRE version: OpenJDK Runtime Environment Temurin-21.0.12.1+1 (21.0.12.1+1) (build 21.0.12.1+1-LTS)
# Java VM: OpenJDK 64-Bit Server VM Temurin-21.0.12.1+1 (21.0.12.1+1-LTS, mixed mode, sharing, tiered, compressed oops, compressed class ptrs, parallel gc, windows-amd64)
GC Precious Log:
 CardTable entry size: 512
 CPUs: 4 total, 4 available
 Memory: 16275M
 Large Page Support: Disabled
 NUMA Support: Disabled
 Compressed Oops: Enabled (32-bit)
 Alignments: Space 512K, Generation 512K, Heap 2M
 Heap Min Capacity: 100M
 Heap Initial Capacity: 100M
 Heap Max Capacity: 2G
 Pre-touch: Disabled
 Parallel Workers: 4
Heap:
 PSYoungGen      total 16896K, used 3614K [0x00000000d5580000, 0x00000000d6780000, 0x0000000100000000)
  eden space 16384K, 19% used [0x00000000d5580000,0x00000000d588b9e0,0x00000000d6580000)
  from space 512K, 96% used [0x00000000d6700000,0x00000000d677c010,0x00000000d6780000)
  to   space 1024K, 0% used [0x00000000d6580000,0x00000000d6580000,0x00000000d6680000)
 ParOldGen       total 68608K, used 47069K [0x0000000080000000, 0x0000000084300000, 0x00000000d5580000)
  object space 68608K, 68% used [0x0000000080000000,0x0000000082df74a0,0x0000000084300000)
 Metaspace       used 70056K, committed 71552K, reserved 1114112K
  class space    used 8794K, committed 9472K, reserved 1048576K
GC Heap History (20 events):
Event: 146.837 GC heap before
{Heap before GC invocations=64 (full 3):
 PSYoungGen      total 16896K, used 16884K [0x00000000d5580000, 0x00000000d6880000, 0x0000000100000000)
  eden space 16384K, 100% used [0x00000000d5580000,0x00000000d6580000,0x00000000d6580000)
  from space 512K, 97% used [0x00000000d6800000,0x00000000d687d170,0x00000000d6880000)
  to   space 1536K, 0% used [0x00000000d6580000,0x00000000d6580000,0x00000000d6700000)
 ParOldGen       total 68608K, used 45054K [0x0000000080000000, 0x0000000084300000, 0x00000000d5580000)
  object space 68608K, 65% used [0x0000000080000000,0x0000000082bffa20,0x0000000084300000)
 Metaspace       used 67279K, committed 68800K, reserved 1114112K
  class space    used 8441K, committed 9088K, reserved 1048576K
}
Event: 146.838 GC heap after
{Heap after GC invocations=64 (full 3):
 PSYoungGen      total 17920K, used 224K [0x00000000d5580000, 0x00000000d6880000, 0x0000000100000000)
  eden space 16384K, 0% used [0x00000000d5580000,0x00000000d5580000,0x00000000d6580000)
  from space 1536K, 14% used [0x00000000d6580000,0x00000000d65b8000,0x00000000d6700000)
  to   space 1024K, 0% used [0x00000000d6780000,0x00000000d6780000,0x00000000d6880000)
 ParOldGen       total 68608K, used 45136K [0x0000000080000000, 0x0000000084300000, 0x00000000d5580000)
  object space 68608K, 65% used [0x0000000080000000,0x0000000082c140c0,0x0000000084300000)
 Metaspace       used 67279K, committed 68800K, reserved 1114112K
  class space    used 8441K, committed 9088K, reserved 1048576K
}
Event: 147.181 GC heap before
{Heap before GC invocations=65 (full 3):
 PSYoungGen      total 17920K, used 16608K [0x00000000d5580000, 0x00000000d6880000, 0x0000000100000000)
  eden space 16384K, 100% used [0x00000000d5580000,0x00000000d6580000,0x00000000d6580000)
  from space 1536K, 14% used [0x00000000d6580000,0x00000000d65b8000,0x00000000d6700000)
  to   space 1024K, 0% used [0x00000000d6780000,0x00000000d6780000,0x00000000d6880000)
 ParOldGen       total 68608K, used 45136K [0x0000000080000000, 0x0000000084300000, 0x00000000d5580000)
  object space 68608K, 65% used [0x0000000080000000,0x0000000082c140c0,0x0000000084300000)
 Metaspace       used 67279K, committed 68800K, reserved 1114112K
  class space    used 8441K, committed 9088K, reserved 1048576K
}
Event: 147.181 GC heap after
{Heap after GC invocations=65 (full 3):
 PSYoungGen      total 16896K, used 403K [0x00000000d5580000, 0x00000000d6800000, 0x0000000100000000)
  eden space 16384K, 0% used [0x00000000d5580000,0x00000000d5580000,0x00000000d6580000)
  from space 512K, 78% used [0x00000000d6780000,0x00000000d67e4e28,0x00000000d6800000)
  to   space 512K, 0% used [0x00000000d6700000,0x00000000d6700000,0x00000000d6780000)
 ParOldGen       total 68608K, used 45279K [0x0000000080000000, 0x0000000084300000, 0x00000000d5580000)
  object space 68608K, 65% used [0x0000000080000000,0x0000000082c37f18,0x0000000084300000)
 Metaspace       used 67279K, committed 68800K, reserved 1114112K
  class space    used 8441K, committed 9088K, reserved 1048576K
}
Event: 147.488 GC heap before
{Heap before GC invocations=66 (full 3):
 PSYoungGen      total 16896K, used 16787K [0x00000000d5580000, 0x00000000d6800000, 0x0000000100000000)
  eden space 16384K, 100% used [0x00000000d5580000,0x00000000d6580000,0x00000000d6580000)
  from space 512K, 78% used [0x00000000d6780000,0x00000000d67e4e28,0x00000000d6800000)
  to   space 512K, 0% used [0x00000000d6700000,0x00000000d6700000,0x00000000d6780000)
 ParOldGen       total 68608K, used 45279K [0x0000000080000000, 0x0000000084300000, 0x00000000d5580000)
  object space 68608K, 65% used [0x0000000080000000,0x0000000082c37f18,0x0000000084300000)
 Metaspace       used 67279K, committed 68800K, reserved 1114112K
  class space    used 8441K, committed 9088K, reserved 1048576K
}
Event: 147.489 GC heap after
{Heap after GC invocations=66 (full 3):
 PSYoungGen      total 16896K, used 490K [0x00000000d5580000, 0x00000000d6880000, 0x0000000100000000)
  eden space 16384K, 0% used [0x00000000d5580000,0x00000000d5580000,0x00000000d6580000)
  from space 512K, 95% used [0x00000000d6700000,0x00000000d677a970,0x00000000d6780000)
  to   space 1024K, 0% used [0x00000000d6780000,0x00000000d6780000,0x00000000d6880000)
 ParOldGen       total 68608K, used 45909K [0x0000000080000000, 0x0000000084300000, 0x00000000d5580000)
  object space 68608K, 66% used [0x0000000080000000,0x0000000082cd57c0,0x0000000084300000)
 Metaspace       used 67279K, committed 68800K, reserved 1114112K
  class space    used 8441K, committed 9088K, reserved 1048576K
}
Event: 147.780 GC heap before
{Heap before GC invocations=67 (full 3):
 PSYoungGen      total 16896K, used 16874K [0x00000000d5580000, 0x00000000d6880000, 0x0000000100000000)
  eden space 16384K, 100% used [0x00000000d5580000,0x00000000d6580000,0x00000000d6580000)
  from space 512K, 95% used [0x00000000d6700000,0x00000000d677a970,0x00000000d6780000)
  to   space 1024K, 0% used [0x00000000d6780000,0x00000000d6780000,0x00000000d6880000)
 ParOldGen       total 68608K, used 45909K [0x0000000080000000, 0x0000000084300000, 0x00000000d5580000)
  object space 68608K, 66% used [0x0000000080000000,0x0000000082cd57c0,0x0000000084300000)
 Metaspace       used 67279K, committed 68800K, reserved 1114112K
  class space    used 8441K, committed 9088K, reserved 1048576K
}
Event: 147.781 GC heap after
{Heap after GC invocations=67 (full 3):
 PSYoungGen      total 17408K, used 702K [0x00000000d5580000, 0x00000000d6880000, 0x0000000100000000)
  eden space 16384K, 0% used [0x00000000d5580000,0x00000000d5580000,0x00000000d6580000)
  from space 1024K, 68% used [0x00000000d6780000,0x00000000d682fac0,0x00000000d6880000)
  to   space 1024K, 0% used [0x00000000d6680000,0x00000000d6680000,0x00000000d6780000)
 ParOldGen       total 68608K, used 45949K [0x0000000080000000, 0x0000000084300000, 0x00000000d5580000)
  object space 68608K, 66% used [0x0000000080000000,0x0000000082cdf7c0,0x0000000084300000)
 Metaspace       used 67279K, committed 68800K, reserved 1114112K
  class space    used 8441K, committed 9088K, reserved 1048576K
}
Event: 148.180 GC heap before
{Heap before GC invocations=68 (full 3):
 PSYoungGen      total 17408K, used 17086K [0x00000000d5580000, 0x00000000d6880000, 0x0000000100000000)
  eden space 16384K, 100% used [0x00000000d5580000,0x00000000d6580000,0x00000000d6580000)
  from space 1024K, 68% used [0x00000000d6780000,0x00000000d682fac0,0x00000000d6880000)
  to   space 1024K, 0% used [0x00000000d6680000,0x00000000d6680000,0x00000000d6780000)
 ParOldGen       total 68608K, used 45949K [0x0000000080000000, 0x0000000084300000, 0x00000000d5580000)
  object space 68608K, 66% used [0x0000000080000000,0x0000000082cdf7c0,0x0000000084300000)
 Metaspace       used 67279K, committed 68800K, reserved 1114112K
  class space    used 8441K, committed 9088K, reserved 1048576K
}
Event: 148.180 GC heap after
{Heap after GC invocations=68 (full 3):
 PSYoungGen      total 17408K, used 128K [0x00000000d5580000, 0x00000000d6800000, 0x0000000100000000)
  eden space 16384K, 0% used [0x00000000d5580000,0x00000000d5580000,0x00000000d6580000)
  from space 1024K, 12% used [0x00000000d6680000,0x00000000d66a0000,0x00000000d6780000)
  to   space 512K, 0% used [0x00000000d6780000,0x00000000d6780000,0x00000000d6800000)
 ParOldGen       total 68608K, used 46073K [0x0000000080000000, 0x0000000084300000, 0x00000000d5580000)
  object space 68608K, 67% used [0x0000000080000000,0x0000000082cfe4d0,0x0000000084300000)
 Metaspace       used 67279K, committed 68800K, reserved 1114112K
  class space    used 8441K, committed 9088K, reserved 1048576K
}
Event: 148.454 GC heap before
{Heap before GC invocations=69 (full 3):
 PSYoungGen      total 17408K, used 16512K [0x00000000d5580000, 0x00000000d6800000, 0x0000000100000000)
  eden space 16384K, 100% used [0x00000000d5580000,0x00000000d6580000,0x00000000d6580000)
  from space 1024K, 12% used [0x00000000d6680000,0x00000000d66a0000,0x00000000d6780000)
  to   space 512K, 0% used [0x00000000d6780000,0x00000000d6780000,0x00000000d6800000)
 ParOldGen       total 68608K, used 46073K [0x0000000080000000, 0x0000000084300000, 0x00000000d5580000)
  object space 68608K, 67% used [0x0000000080000000,0x0000000082cfe4d0,0x0000000084300000)
 Metaspace       used 67279K, committed 68800K, reserved 1114112K
  class space    used 8441K, committed 9088K, reserved 1048576K
}
Event: 148.455 GC heap after
{Heap after GC invocations=69 (full 3):
 PSYoungGen      total 16896K, used 491K [0x00000000d5580000, 0x00000000d6800000, 0x0000000100000000)
  eden space 16384K, 0% used [0x00000000d5580000,0x00000000d5580000,0x00000000d6580000)
  from space 512K, 95% used [0x00000000d6780000,0x00000000d67fac48,0x00000000d6800000)
  to   space 1024K, 0% used [0x00000000d6600000,0x00000000d6600000,0x00000000d6700000)
 ParOldGen       total 68608K, used 46431K [0x0000000080000000, 0x0000000084300000, 0x00000000d5580000)
  object space 68608K, 67% used [0x0000000080000000,0x0000000082d57e50,0x0000000084300000)
 Metaspace       used 67279K, committed 68800K, reserved 1114112K
  class space    used 8441K, committed 9088K, reserved 1048576K
}
Event: 149.684 GC heap before
{Heap before GC invocations=70 (full 3):
 PSYoungGen      total 16896K, used 16875K [0x00000000d5580000, 0x00000000d6800000, 0x0000000100000000)
  eden space 16384K, 100% used [0x00000000d5580000,0x00000000d6580000,0x00000000d6580000)
  from space 512K, 95% used [0x00000000d6780000,0x00000000d67fac48,0x00000000d6800000)
  to   space 1024K, 0% used [0x00000000d6600000,0x00000000d6600000,0x00000000d6700000)
 ParOldGen       total 68608K, used 46431K [0x0000000080000000, 0x0000000084300000, 0x00000000d5580000)
  object space 68608K, 67% used [0x0000000080000000,0x0000000082d57e50,0x0000000084300000)
 Metaspace       used 67980K, committed 69440K, reserved 1114112K
  class space    used 8553K, committed 9152K, reserved 1048576K
}
Event: 149.685 GC heap after
{Heap after GC invocations=70 (full 3):
 PSYoungGen      total 17408K, used 384K [0x00000000d5580000, 0x00000000d6800000, 0x0000000100000000)
  eden space 16384K, 0% used [0x00000000d5580000,0x00000000d5580000,0x00000000d6580000)
  from space 1024K, 37% used [0x00000000d6600000,0x00000000d6660010,0x00000000d6700000)
  to   space 1024K, 0% used [0x00000000d6700000,0x00000000d6700000,0x00000000d6800000)
 ParOldGen       total 68608K, used 46455K [0x0000000080000000, 0x0000000084300000, 0x00000000d5580000)
  object space 68608K, 67% used [0x0000000080000000,0x0000000082d5de50,0x0000000084300000)
 Metaspace       used 67980K, committed 69440K, reserved 1114112K
  class space    used 8553K, committed 9152K, reserved 1048576K
}
Event: 152.158 GC heap before
{Heap before GC invocations=71 (full 3):
 PSYoungGen      total 17408K, used 16768K [0x00000000d5580000, 0x00000000d6800000, 0x0000000100000000)
  eden space 16384K, 100% used [0x00000000d5580000,0x00000000d6580000,0x00000000d6580000)
  from space 1024K, 37% used [0x00000000d6600000,0x00000000d6660010,0x00000000d6700000)
  to   space 1024K, 0% used [0x00000000d6700000,0x00000000d6700000,0x00000000d6800000)
 ParOldGen       total 68608K, used 46455K [0x0000000080000000, 0x0000000084300000, 0x00000000d5580000)
  object space 68608K, 67% used [0x0000000080000000,0x0000000082d5de50,0x0000000084300000)
 Metaspace       used 68322K, committed 69888K, reserved 1114112K
  class space    used 8590K, committed 9280K, reserved 1048576K
}
Event: 152.159 GC heap after
{Heap after GC invocations=71 (full 3):
 PSYoungGen      total 16896K, used 224K [0x00000000d5580000, 0x00000000d6780000, 0x0000000100000000)
  eden space 16384K, 0% used [0x00000000d5580000,0x00000000d5580000,0x00000000d6580000)
  from space 512K, 43% used [0x00000000d6700000,0x00000000d6738000,0x00000000d6780000)
  to   space 512K, 0% used [0x00000000d6680000,0x00000000d6680000,0x00000000d6700000)
 ParOldGen       total 68608K, used 46671K [0x0000000080000000, 0x0000000084300000, 0x00000000d5580000)
  object space 68608K, 68% used [0x0000000080000000,0x0000000082d93e60,0x0000000084300000)
 Metaspace       used 68322K, committed 69888K, reserved 1114112K
  class space    used 8590K, committed 9280K, reserved 1048576K
}
Event: 153.124 GC heap before
{Heap before GC invocations=72 (full 3):
 PSYoungGen      total 16896K, used 16608K [0x00000000d5580000, 0x00000000d6780000, 0x0000000100000000)
  eden space 16384K, 100% used [0x00000000d5580000,0x00000000d6580000,0x00000000d6580000)
  from space 512K, 43% used [0x00000000d6700000,0x00000000d6738000,0x00000000d6780000)
  to   space 512K, 0% used [0x00000000d6680000,0x00000000d6680000,0x00000000d6700000)
 ParOldGen       total 68608K, used 46704K [0x0000000080000000, 0x0000000084300000, 0x00000000d5580000)
  object space 68608K, 68% used [0x0000000080000000,0x0000000082d9c1f8,0x0000000084300000)
 Metaspace       used 68530K, committed 70016K, reserved 1114112K
  class space    used 8621K, committed 9280K, reserved 1048576K
}
Event: 153.126 GC heap after
{Heap after GC invocations=72 (full 3):
 PSYoungGen      total 16896K, used 280K [0x00000000d5580000, 0x00000000d6780000, 0x0000000100000000)
  eden space 16384K, 0% used [0x00000000d5580000,0x00000000d5580000,0x00000000d6580000)
  from space 512K, 54% used [0x00000000d6680000,0x00000000d66c6398,0x00000000d6700000)
  to   space 512K, 0% used [0x00000000d6700000,0x00000000d6700000,0x00000000d6780000)
 ParOldGen       total 68608K, used 46890K [0x0000000080000000, 0x0000000084300000, 0x00000000d5580000)
  object space 68608K, 68% used [0x0000000080000000,0x0000000082dcaa98,0x0000000084300000)
 Metaspace       used 68530K, committed 70016K, reserved 1114112K
  class space    used 8621K, committed 9280K, reserved 1048576K
}
Event: 165.314 GC heap before
{Heap before GC invocations=73 (full 3):
 PSYoungGen      total 16896K, used 16664K [0x00000000d5580000, 0x00000000d6780000, 0x0000000100000000)
  eden space 16384K, 100% used [0x00000000d5580000,0x00000000d6580000,0x00000000d6580000)
  from space 512K, 54% used [0x00000000d6680000,0x00000000d66c6398,0x00000000d6700000)
  to   space 512K, 0% used [0x00000000d6700000,0x00000000d6700000,0x00000000d6780000)
 ParOldGen       total 68608K, used 46890K [0x0000000080000000, 0x0000000084300000, 0x00000000d5580000)
  object space 68608K, 68% used [0x0000000080000000,0x0000000082dcaa98,0x0000000084300000)
 Metaspace       used 69825K, committed 71296K, reserved 1114112K
  class space    used 8784K, committed 9408K, reserved 1048576K
}
Event: 165.319 GC heap after
{Heap after GC invocations=73 (full 3):
 PSYoungGen      total 16896K, used 496K [0x00000000d5580000, 0x00000000d6780000, 0x0000000100000000)
  eden space 16384K, 0% used [0x00000000d5580000,0x00000000d5580000,0x00000000d6580000)
  from space 512K, 96% used [0x00000000d6700000,0x00000000d677c010,0x00000000d6780000)
  to   space 1024K, 0% used [0x00000000d6580000,0x00000000d6580000,0x00000000d6680000)
 ParOldGen       total 68608K, used 47069K [0x0000000080000000, 0x0000000084300000, 0x00000000d5580000)
  object space 68608K, 68% used [0x0000000080000000,0x0000000082df74a0,0x0000000084300000)
 Metaspace       used 69825K, committed 71296K, reserved 1114112K
  class space    used 8784K, committed 9408K, reserved 1048576K
}

