# JRE version: OpenJDK Runtime Environment Temurin-21.0.12.1+1 (21.0.12.1+1) (build 21.0.12.1+1-LTS)
# Java VM: OpenJDK 64-Bit Server VM Temurin-21.0.12.1+1 (21.0.12.1+1-LTS, mixed mode, sharing, tiered, compressed oops, compressed class ptrs, g1 gc, windows-amd64)
GC Precious Log:
 CardTable entry size: 512
 Card Set container configuration: InlinePtr #cards 5 size 8 Array Of Cards #cards 12 size 40 Howl #buckets 4 coarsen threshold 1843 Howl Bitmap #cards 512 size 80 coarsen threshold 460 Card regions per heap region 1 cards per card region 2048
 CPUs: 4 total, 4 available
 Memory: 16275M
 Large Page Support: Disabled
 NUMA Support: Disabled
 Compressed Oops: Enabled (32-bit)
 Heap Region Size: 1M
 Heap Min Capacity: 8M
 Heap Initial Capacity: 256M
 Heap Max Capacity: 2G
 Pre-touch: Disabled
 Parallel Workers: 4
 Concurrent Workers: 1
 Concurrent Refinement Workers: 4
 Periodic GC: Disabled
Heap:
 garbage-first heap   total 110592K, used 61298K [0x0000000080000000, 0x0000000100000000)
  region size 1024K, 7 young (7168K), 4 survivors (4096K)
 Metaspace       used 50326K, committed 51904K, reserved 491520K
  class space    used 7122K, committed 7872K, reserved 425984K
GC Heap History (20 events):
Event: 33.477 GC heap before
{Heap before GC invocations=10 (full 0):
 garbage-first heap   total 86016K, used 79961K [0x0000000080000000, 0x0000000100000000)
  region size 1024K, 42 young (43008K), 5 survivors (5120K)
 Metaspace       used 46374K, committed 47680K, reserved 491520K
  class space    used 6635K, committed 7232K, reserved 425984K
}
Event: 33.490 GC heap after
{Heap after GC invocations=11 (full 0):
 garbage-first heap   total 90112K, used 41108K [0x0000000080000000, 0x0000000100000000)
  region size 1024K, 6 young (6144K), 6 survivors (6144K)
 Metaspace       used 46374K, committed 47680K, reserved 491520K
  class space    used 6635K, committed 7232K, reserved 425984K
}
Event: 34.062 GC heap before
{Heap before GC invocations=11 (full 0):
 garbage-first heap   total 90112K, used 77972K [0x0000000080000000, 0x0000000100000000)
  region size 1024K, 42 young (43008K), 6 survivors (6144K)
 Metaspace       used 46392K, committed 47680K, reserved 491520K
  class space    used 6635K, committed 7232K, reserved 425984K
}
Event: 34.076 GC heap after
{Heap after GC invocations=12 (full 0):
 garbage-first heap   total 90112K, used 43896K [0x0000000080000000, 0x0000000100000000)
  region size 1024K, 3 young (3072K), 3 survivors (3072K)
 Metaspace       used 46392K, committed 47680K, reserved 491520K
  class space    used 6635K, committed 7232K, reserved 425984K
}
Event: 34.305 GC heap before
{Heap before GC invocations=12 (full 0):
 garbage-first heap   total 90112K, used 79736K [0x0000000080000000, 0x0000000100000000)
  region size 1024K, 38 young (38912K), 3 survivors (3072K)
 Metaspace       used 46394K, committed 47680K, reserved 491520K
  class space    used 6635K, committed 7232K, reserved 425984K
}
Event: 34.312 GC heap after
{Heap after GC invocations=13 (full 0):
 garbage-first heap   total 90112K, used 45577K [0x0000000080000000, 0x0000000100000000)
  region size 1024K, 5 young (5120K), 5 survivors (5120K)
 Metaspace       used 46394K, committed 47680K, reserved 491520K
  class space    used 6635K, committed 7232K, reserved 425984K
}
Event: 34.665 GC heap before
{Heap before GC invocations=14 (full 0):
 garbage-first heap   total 90112K, used 80393K [0x0000000080000000, 0x0000000100000000)
  region size 1024K, 39 young (39936K), 5 survivors (5120K)
 Metaspace       used 46384K, committed 47680K, reserved 491520K
  class space    used 6631K, committed 7232K, reserved 425984K
}
Event: 34.676 GC heap after
{Heap after GC invocations=15 (full 0):
 garbage-first heap   total 90112K, used 47913K [0x0000000080000000, 0x0000000100000000)
  region size 1024K, 5 young (5120K), 5 survivors (5120K)
 Metaspace       used 46384K, committed 47680K, reserved 491520K
  class space    used 6631K, committed 7232K, reserved 425984K
}
Event: 35.403 GC heap before
{Heap before GC invocations=15 (full 0):
 garbage-first heap   total 90112K, used 81705K [0x0000000080000000, 0x0000000100000000)
  region size 1024K, 38 young (38912K), 5 survivors (5120K)
 Metaspace       used 46409K, committed 47680K, reserved 491520K
  class space    used 6631K, committed 7232K, reserved 425984K
}
Event: 35.415 GC heap after
{Heap after GC invocations=16 (full 0):
 garbage-first heap   total 90112K, used 48483K [0x0000000080000000, 0x0000000100000000)
  region size 1024K, 2 young (2048K), 2 survivors (2048K)
 Metaspace       used 46409K, committed 47680K, reserved 491520K
  class space    used 6631K, committed 7232K, reserved 425984K
}
Event: 39.669 GC heap before
{Heap before GC invocations=16 (full 0):
 garbage-first heap   total 90112K, used 82275K [0x0000000080000000, 0x0000000100000000)
  region size 1024K, 35 young (35840K), 2 survivors (2048K)
 Metaspace       used 47157K, committed 48512K, reserved 491520K
  class space    used 6682K, committed 7296K, reserved 425984K
}
Event: 39.679 GC heap after
{Heap after GC invocations=17 (full 0):
 garbage-first heap   total 109568K, used 51221K [0x0000000080000000, 0x0000000100000000)
  region size 1024K, 5 young (5120K), 5 survivors (5120K)
 Metaspace       used 47157K, committed 48512K, reserved 491520K
  class space    used 6682K, committed 7296K, reserved 425984K
}
Event: 40.521 GC heap before
{Heap before GC invocations=18 (full 0):
 garbage-first heap   total 109568K, used 100373K [0x0000000080000000, 0x0000000100000000)
  region size 1024K, 52 young (53248K), 5 survivors (5120K)
 Metaspace       used 47161K, committed 48512K, reserved 491520K
  class space    used 6682K, committed 7296K, reserved 425984K
}
Event: 40.534 GC heap after
{Heap after GC invocations=19 (full 0):
 garbage-first heap   total 109568K, used 54181K [0x0000000080000000, 0x0000000100000000)
  region size 1024K, 5 young (5120K), 5 survivors (5120K)
 Metaspace       used 47161K, committed 48512K, reserved 491520K
  class space    used 6682K, committed 7296K, reserved 425984K
}
Event: 45.606 GC heap before
{Heap before GC invocations=19 (full 0):
 garbage-first heap   total 109568K, used 100261K [0x0000000080000000, 0x0000000100000000)
  region size 1024K, 50 young (51200K), 5 survivors (5120K)
 Metaspace       used 48069K, committed 49408K, reserved 491520K
  class space    used 6754K, committed 7424K, reserved 425984K
}
Event: 45.621 GC heap after
{Heap after GC invocations=20 (full 0):
 garbage-first heap   total 110592K, used 55718K [0x0000000080000000, 0x0000000100000000)
  region size 1024K, 6 young (6144K), 6 survivors (6144K)
 Metaspace       used 48069K, committed 49408K, reserved 491520K
  class space    used 6754K, committed 7424K, reserved 425984K
}
Event: 47.061 GC heap before
{Heap before GC invocations=20 (full 0):
 garbage-first heap   total 110592K, used 100774K [0x0000000080000000, 0x0000000100000000)
  region size 1024K, 50 young (51200K), 6 survivors (6144K)
 Metaspace       used 48470K, committed 49792K, reserved 491520K
  class space    used 6810K, committed 7424K, reserved 425984K
}
Event: 47.073 GC heap after
{Heap after GC invocations=21 (full 0):
 garbage-first heap   total 110592K, used 57151K [0x0000000080000000, 0x0000000100000000)
  region size 1024K, 4 young (4096K), 4 survivors (4096K)
 Metaspace       used 48470K, committed 49792K, reserved 491520K
  class space    used 6810K, committed 7424K, reserved 425984K
}
Event: 55.487 GC heap before
{Heap before GC invocations=22 (full 0):
 garbage-first heap   total 110592K, used 102207K [0x0000000080000000, 0x0000000100000000)
  region size 1024K, 48 young (49152K), 4 survivors (4096K)
 Metaspace       used 50325K, committed 51904K, reserved 491520K
  class space    used 7122K, committed 7872K, reserved 425984K
}
Event: 55.498 GC heap after
{Heap after GC invocations=23 (full 0):
 garbage-first heap   total 110592K, used 59250K [0x0000000080000000, 0x0000000100000000)
  region size 1024K, 4 young (4096K), 4 survivors (4096K)
 Metaspace       used 50325K, committed 51904K, reserved 491520K
  class space    used 7122K, committed 7872K, reserved 425984K
}

